[2026-03-22T14:47:30.044Z] GET https://flexible-kansas-commodities-stood.trycloudflare.com/ → 200 (377ms, 1093B)
[2026-03-22T14:47:30.428Z] GET https://flexible-kansas-commodities-stood.trycloudflare.com/@vite/client → pending (?ms, ?B)
[2026-03-22T14:47:30.428Z] GET https://flexible-kansas-commodities-stood.trycloudflare.com/src/main.tsx?t=1774190487424 → pending (?ms, ?B)
[2026-03-22T14:47:30.431Z] GET https://flexible-kansas-commodities-stood.trycloudflare.com/@react-refresh → pending (?ms, ?B)
[2026-03-22T14:47:30.553Z] GET https://flexible-kansas-commodities-stood.trycloudflare.com/node_modules/.vite/deps/react_jsx-dev-runtime.js?v=698840a3 → 200 (170ms, 12527B)
[2026-03-22T14:47:30.553Z] GET https://flexible-kansas-commodities-stood.trycloudflare.com/node_modules/.vite/deps/react.js?v=698840a3 → 200 (130ms, 1024B)
[2026-03-22T14:47:30.554Z] GET https://flexible-kansas-commodities-stood.trycloudflare.com/node_modules/.vite/deps/react-dom_client.js?v=698840a3 → 200 (202ms, 1005667B)
[2026-03-22T14:47:30.554Z] GET https://flexible-kansas-commodities-stood.trycloudflare.com/node_modules/.vite/deps/@tanstack_react-query.js?v=698840a3 → 200 (151ms, 114896B)
[2026-03-22T14:47:30.554Z] GET https://flexible-kansas-commodities-stood.trycloudflare.com/@fs/home/kaike/.openclaw/workspace/event-radar/node_modules/.pnpm/@fontsource+inter@5.2.8/node_modules/@fontsource/inter/index.css → 200 (171ms, 5062B)
[2026-03-22T14:47:30.555Z] GET https://flexible-kansas-commodities-stood.trycloudflare.com/src/App.tsx?t=1774190487424 → 200 (135ms, 33308B)
[2026-03-22T14:47:30.555Z] GET https://flexible-kansas-commodities-stood.trycloudflare.com/src/lib/pwa.ts → 200 (125ms, 4172B)
[2026-03-22T14:47:30.555Z] GET https://flexible-kansas-commodities-stood.trycloudflare.com/src/index.css?t=1774190487424 → 200 (171ms, 106709B)
[2026-03-22T14:47:30.601Z] GET https://flexible-kansas-commodities-stood.trycloudflare.com/@fs/home/kaike/.openclaw/workspace/event-radar/node_modules/.pnpm/vite@7.3.1_@types+node@22.19.15_jiti@2.6.1_lightningcss@1.31.1_tsx@4.21.0/node_modules/vite/dist/client/env.mjs → 200 (139ms, 3478B)
[2026-03-22T14:47:30.685Z] GET https://flexible-kansas-commodities-stood.trycloudflare.com/node_modules/.vite/deps/chunk-LQJ5AVEX.js?v=698840a3 → 200 (144ms, 45716B)
[2026-03-22T14:47:30.685Z] GET https://flexible-kansas-commodities-stood.trycloudflare.com/node_modules/.vite/deps/chunk-G3PMV62Z.js?v=698840a3 → 200 (139ms, 7968B)
[2026-03-22T14:47:30.692Z] GET https://flexible-kansas-commodities-stood.trycloudflare.com/node_modules/.vite/deps/lucide-react.js?v=698840a3 → 200 (292ms, 1084178B)
[2026-03-22T14:47:30.692Z] GET https://flexible-kansas-commodities-stood.trycloudflare.com/node_modules/.vite/deps/react-router-dom.js?v=698840a3 → 200 (211ms, 455619B)
[2026-03-22T14:47:30.701Z] GET https://flexible-kansas-commodities-stood.trycloudflare.com/src/lib/utils.ts → 200 (136ms, 734B)
[2026-03-22T14:47:30.701Z] GET https://flexible-kansas-commodities-stood.trycloudflare.com/src/components/BottomNav.tsx → 200 (130ms, 10123B)
[2026-03-22T14:47:30.701Z] GET https://flexible-kansas-commodities-stood.trycloudflare.com/src/components/KeyboardShortcutsHelp.tsx → 200 (134ms, 11970B)
[2026-03-22T14:47:30.701Z] GET https://flexible-kansas-commodities-stood.trycloudflare.com/src/components/TickerSearch.tsx → 200 (163ms, 75911B)
[2026-03-22T14:47:30.701Z] GET https://flexible-kansas-commodities-stood.trycloudflare.com/src/hooks/useKeyboardShortcuts.ts → 200 (162ms, 2281B)
[2026-03-22T14:47:30.701Z] GET https://flexible-kansas-commodities-stood.trycloudflare.com/src/hooks/useAudioSquawk.ts → 200 (163ms, 15913B)
[2026-03-22T14:47:30.701Z] GET https://flexible-kansas-commodities-stood.trycloudflare.com/src/contexts/AuthContext.tsx → 200 (133ms, 9910B)
[2026-03-22T14:47:30.701Z] GET https://flexible-kansas-commodities-stood.trycloudflare.com/src/contexts/ConnectionContext.tsx → 200 (165ms, 7699B)
[2026-03-22T14:47:30.701Z] GET https://flexible-kansas-commodities-stood.trycloudflare.com/src/pages/AuthVerify.tsx → 200 (173ms, 14256B)
[2026-03-22T14:47:30.702Z] GET https://flexible-kansas-commodities-stood.trycloudflare.com/src/pages/EventDetail.tsx → 200 (137ms, 495B)
[2026-03-22T14:47:30.702Z] GET https://flexible-kansas-commodities-stood.trycloudflare.com/src/pages/Feed.tsx → 200 (182ms, 429B)
[2026-03-22T14:47:30.702Z] GET https://flexible-kansas-commodities-stood.trycloudflare.com/src/pages/Login.tsx → 200 (162ms, 19833B)
[2026-03-22T14:47:30.702Z] GET https://flexible-kansas-commodities-stood.trycloudflare.com/src/pages/Scorecard.tsx → 200 (162ms, 127160B)
[2026-03-22T14:47:30.702Z] GET https://flexible-kansas-commodities-stood.trycloudflare.com/src/pages/Search.tsx → 200 (163ms, 27710B)
[2026-03-22T14:47:30.702Z] GET https://flexible-kansas-commodities-stood.trycloudflare.com/src/pages/Settings.tsx → 200 (172ms, 208203B)
[2026-03-22T14:47:30.702Z] GET https://flexible-kansas-commodities-stood.trycloudflare.com/src/pages/TickerProfile.tsx → 200 (199ms, 22980B)
[2026-03-22T14:47:30.703Z] GET https://flexible-kansas-commodities-stood.trycloudflare.com/src/pages/Onboarding.tsx → 200 (188ms, 101557B)
[2026-03-22T14:47:30.703Z] GET https://flexible-kansas-commodities-stood.trycloudflare.com/src/pages/History.tsx?t=1774190487424 → 200 (162ms, 70765B)
[2026-03-22T14:47:30.703Z] GET https://flexible-kansas-commodities-stood.trycloudflare.com/src/pages/Watchlist.tsx → 200 (180ms, 201327B)
[2026-03-22T14:47:30.706Z] GET https://flexible-kansas-commodities-stood.trycloudflare.com/node_modules/.vite/deps/chunk-EBZS5F5X.js?v=698840a3 → 200 (135ms, 12883B)
[2026-03-22T14:47:30.757Z] GET https://flexible-kansas-commodities-stood.trycloudflare.com/node_modules/.vite/deps/chunk-CXS66GOW.js?v=698840a3 → 200 (145ms, 16434B)
[2026-03-22T14:47:30.835Z] GET https://flexible-kansas-commodities-stood.trycloudflare.com/src/lib/api.ts → 200 (153ms, 118014B)
[2026-03-22T14:47:30.838Z] GET https://flexible-kansas-commodities-stood.trycloudflare.com/node_modules/.vite/deps/clsx.js?v=698840a3 → 200 (146ms, 1157B)
[2026-03-22T14:47:30.838Z] GET https://flexible-kansas-commodities-stood.trycloudflare.com/node_modules/.vite/deps/tailwind-merge.js?v=698840a3 → 200 (149ms, 99415B)
[2026-03-22T14:47:30.840Z] GET https://flexible-kansas-commodities-stood.trycloudflare.com/src/pages/EventDetail/index.tsx → 200 (146ms, 48556B)
[2026-03-22T14:47:30.865Z] GET https://flexible-kansas-commodities-stood.trycloudflare.com/src/hooks/useTickerSearch.ts → 200 (169ms, 7440B)
[2026-03-22T14:47:30.865Z] GET https://flexible-kansas-commodities-stood.trycloudflare.com/src/hooks/useWatchlist.ts → 200 (129ms, 8749B)
[2026-03-22T14:47:30.865Z] GET https://flexible-kansas-commodities-stood.trycloudflare.com/node_modules/.vite/deps/recharts.js?v=698840a3 → 200 (218ms, 1297653B)
[2026-03-22T14:47:30.865Z] GET https://flexible-kansas-commodities-stood.trycloudflare.com/src/components/EmptyState.tsx → 200 (169ms, 8685B)
[2026-03-22T14:47:30.865Z] GET https://flexible-kansas-commodities-stood.trycloudflare.com/src/components/AlertCard.tsx → 200 (186ms, 82791B)
[2026-03-22T14:47:30.865Z] GET https://flexible-kansas-commodities-stood.trycloudflare.com/src/components/SkeletonCard.tsx → 200 (124ms, 5906B)
[2026-03-22T14:47:30.865Z] GET https://flexible-kansas-commodities-stood.trycloudflare.com/src/hooks/useSearch.ts → 200 (171ms, 6396B)
[2026-03-22T14:47:30.865Z] GET https://flexible-kansas-commodities-stood.trycloudflare.com/src/hooks/useHistory.ts?t=1774190443025 → 200 (164ms, 13178B)
[2026-03-22T14:47:30.865Z] GET https://flexible-kansas-commodities-stood.trycloudflare.com/src/lib/format.ts → 200 (128ms, 3833B)
[2026-03-22T14:47:30.874Z] GET https://flexible-kansas-commodities-stood.trycloudflare.com/src/components/CollapsiblePanel.tsx → 200 (114ms, 12143B)
[2026-03-22T14:47:30.874Z] GET https://flexible-kansas-commodities-stood.trycloudflare.com/src/hooks/useAlertSound.ts → 200 (157ms, 18179B)
[2026-03-22T14:47:30.874Z] GET https://flexible-kansas-commodities-stood.trycloudflare.com/src/lib/web-push.ts → 200 (162ms, 38614B)
[2026-03-22T14:47:30.884Z] GET https://flexible-kansas-commodities-stood.trycloudflare.com/node_modules/.vite/deps/@dnd-kit_core.js?v=698840a3 → 200 (149ms, 6660B)
[2026-03-22T14:47:30.884Z] GET https://flexible-kansas-commodities-stood.trycloudflare.com/node_modules/.vite/deps/@dnd-kit_sortable.js?v=698840a3 → 200 (150ms, 20281B)
[2026-03-22T14:47:30.884Z] GET https://flexible-kansas-commodities-stood.trycloudflare.com/node_modules/.vite/deps/@dnd-kit_utilities.js?v=698840a3 → 200 (150ms, 4568B)
[2026-03-22T14:47:30.884Z] GET https://flexible-kansas-commodities-stood.trycloudflare.com/src/hooks/useWatchlistSections.ts → 200 (110ms, 6508B)
[2026-03-22T14:47:30.884Z] GET https://flexible-kansas-commodities-stood.trycloudflare.com/src/pages/Feed/index.tsx → 200 (294ms, 24887B)
[2026-03-22T14:47:30.901Z] GET https://flexible-kansas-commodities-stood.trycloudflare.com/src/components/EventChart.tsx → 200 (135ms, 39519B)
[2026-03-22T14:47:30.901Z] GET https://flexible-kansas-commodities-stood.trycloudflare.com/src/components/StatCard.tsx → 200 (135ms, 3857B)
[2026-03-22T14:47:30.901Z] GET https://flexible-kansas-commodities-stood.trycloudflare.com/src/hooks/useTickerProfile.ts → 200 (135ms, 1368B)
[2026-03-22T14:47:30.985Z] GET https://flexible-kansas-commodities-stood.trycloudflare.com/node_modules/.vite/deps/chunk-SIU35MPB.js?v=698840a3 → 200 (189ms, 662B)
[2026-03-22T14:47:30.986Z] GET https://flexible-kansas-commodities-stood.trycloudflare.com/src/hooks/useEventDetail.ts → 200 (192ms, 2518B)
[2026-03-22T14:47:30.986Z] GET https://flexible-kansas-commodities-stood.trycloudflare.com/src/pages/EventDetail/EventEnrichment.tsx → 200 (188ms, 28994B)
[2026-03-22T14:47:30.986Z] GET https://flexible-kansas-commodities-stood.trycloudflare.com/src/pages/EventDetail/EventHeader.tsx → 200 (191ms, 12976B)
[2026-03-22T14:47:30.986Z] GET https://flexible-kansas-commodities-stood.trycloudflare.com/src/pages/EventDetail/EventHistory.tsx → 200 (192ms, 28170B)
[2026-03-22T14:47:30.986Z] GET https://flexible-kansas-commodities-stood.trycloudflare.com/src/pages/EventDetail/EventMarketData.tsx → 200 (192ms, 12018B)
[2026-03-22T14:47:30.986Z] GET https://flexible-kansas-commodities-stood.trycloudflare.com/src/pages/EventDetail/EventVerdict.tsx → 200 (191ms, 65885B)
[2026-03-22T14:47:30.986Z] GET https://flexible-kansas-commodities-stood.trycloudflare.com/src/pages/EventDetail/SimilarPastEvents.tsx → 200 (191ms, 9072B)
[2026-03-22T14:47:30.986Z] GET https://flexible-kansas-commodities-stood.trycloudflare.com/src/pages/EventDetail/WhatHappenedNext.tsx → 200 (192ms, 22972B)
[2026-03-22T14:47:30.986Z] GET https://flexible-kansas-commodities-stood.trycloudflare.com/src/pages/EventDetail/utils.ts → 200 (191ms, 7491B)
[2026-03-22T14:47:31.036Z] GET https://flexible-kansas-commodities-stood.trycloudflare.com/node_modules/.vite/deps/chunk-2FGUGH7M.js?v=698840a3 → 200 (143ms, 103806B)
[2026-03-22T14:47:31.036Z] GET https://flexible-kansas-commodities-stood.trycloudflare.com/node_modules/.vite/deps/chunk-TWD4OUUG.js?v=698840a3 → 200 (142ms, 8136B)
[2026-03-22T14:47:31.036Z] GET https://flexible-kansas-commodities-stood.trycloudflare.com/node_modules/.vite/deps/lightweight-charts.js?v=698840a3 → 200 (176ms, 609409B)
[2026-03-22T14:47:31.052Z] GET https://flexible-kansas-commodities-stood.trycloudflare.com/src/components/DirectionBadge.tsx → 200 (127ms, 9751B)
[2026-03-22T14:47:31.178Z] GET https://flexible-kansas-commodities-stood.trycloudflare.com/src/pages/EventDetail/EventSourceCard.tsx → 200 (129ms, 46577B)
[2026-03-22T14:47:31.178Z] GET https://flexible-kansas-commodities-stood.trycloudflare.com/src/pages/EventDetail/shared.tsx → 200 (130ms, 5833B)
[2026-03-22T14:47:31.178Z] GET https://flexible-kansas-commodities-stood.trycloudflare.com/src/components/SeverityBadge.tsx → 200 (115ms, 9859B)
[2026-03-22T14:47:31.178Z] GET https://flexible-kansas-commodities-stood.trycloudflare.com/src/components/TickerChip.tsx → 200 (125ms, 4138B)
[2026-03-22T14:47:31.178Z] GET https://flexible-kansas-commodities-stood.trycloudflare.com/src/components/RangeBar.tsx → 200 (124ms, 10152B)
[2026-03-22T14:47:31.178Z] GET https://flexible-kansas-commodities-stood.trycloudflare.com/src/components/StatMini.tsx → 200 (123ms, 4429B)
[2026-03-22T14:47:31.178Z] GET https://flexible-kansas-commodities-stood.trycloudflare.com/src/pages/EventDetail/EventChart.tsx → 200 (136ms, 4729B)
[2026-03-22T14:47:31.178Z] GET https://flexible-kansas-commodities-stood.trycloudflare.com/src/components/Toast.tsx → 200 (119ms, 5938B)
[2026-03-22T14:47:31.178Z] GET https://flexible-kansas-commodities-stood.trycloudflare.com/src/hooks/useMediaQuery.ts → 200 (131ms, 2569B)
[2026-03-22T14:47:31.179Z] GET https://flexible-kansas-commodities-stood.trycloudflare.com/src/pages/Feed/FeedList.tsx → 200 (135ms, 53737B)
[2026-03-22T14:47:31.179Z] GET https://flexible-kansas-commodities-stood.trycloudflare.com/src/pages/Feed/useFeedState.ts → 200 (130ms, 62040B)
[2026-03-22T14:47:31.313Z] GET https://flexible-kansas-commodities-stood.trycloudflare.com/src/hooks/useAlerts.ts → 200 (127ms, 24128B)
[2026-03-22T14:47:31.314Z] GET https://flexible-kansas-commodities-stood.trycloudflare.com/src/components/PillBanner.tsx → 200 (138ms, 4424B)
[2026-03-22T14:47:31.314Z] GET https://flexible-kansas-commodities-stood.trycloudflare.com/src/components/DailyBriefing.tsx → 200 (117ms, 17778B)
[2026-03-22T14:47:31.314Z] GET https://flexible-kansas-commodities-stood.trycloudflare.com/src/pages/Feed/FeedCard.tsx → 200 (114ms, 10092B)
[2026-03-22T14:47:31.314Z] GET https://flexible-kansas-commodities-stood.trycloudflare.com/src/pages/Feed/FeedFilters.tsx → 200 (122ms, 53412B)
[2026-03-22T14:47:31.314Z] GET https://flexible-kansas-commodities-stood.trycloudflare.com/src/pages/Feed/FeedHeader.tsx → 200 (131ms, 16365B)
[2026-03-22T14:47:31.429Z] GET https://flexible-kansas-commodities-stood.trycloudflare.com/src/components/SwipeableCard.tsx → pending (?ms, ?B)
[2026-03-22T14:47:31.441Z] GET https://flexible-kansas-commodities-stood.trycloudflare.com/src/hooks/useWebSocket.ts → pending (?ms, ?B)
[2026-03-22T14:47:31.446Z] GET https://flexible-kansas-commodities-stood.trycloudflare.com/src/pages/Feed/FeedTabs.tsx → pending (?ms, ?B)
[2026-03-22T14:47:31.862Z] GET https://flexible-kansas-commodities-stood.trycloudflare.com/@fs/home/kaike/.openclaw/workspace/event-radar/node_modules/.pnpm/@fontsource+inter@5.2.8/node_modules/@fontsource/inter/files/inter-latin-400-normal.woff2 → 200 (139ms, 23664B)
[2026-03-22T14:47:31.884Z] GET https://flexible-kansas-commodities-stood.trycloudflare.com/api/events/sources → 200 (199ms, 237B)
[2026-03-22T14:47:31.885Z] GET https://flexible-kansas-commodities-stood.trycloudflare.com/api/v1/scorecards/summary → 200 (480ms, 3316B)
[2026-03-22T14:47:31.885Z] GET https://flexible-kansas-commodities-stood.trycloudflare.com/api/v1/feed?limit=10 → 200 (154ms, 9278B)
[2026-03-22T14:47:31.886Z] GET https://flexible-kansas-commodities-stood.trycloudflare.com/api/auth/me → 200 (171ms, 48B)
[2026-03-22T14:47:31.890Z] GET https://flexible-kansas-commodities-stood.trycloudflare.com/api/auth/me → 200 (134ms, 48B)
[2026-03-22T14:47:44.878Z] GET https://flexible-kansas-commodities-stood.trycloudflare.com/api/v1/onboarding/suggested-tickers → 200 (137ms, 866B)
[2026-03-22T14:50:07.169Z] GET blob:https://flexible-kansas-commodities-stood.trycloudflare.com/f31bb124-959e-44b7-b0d8-928d7df6e8bd → pending (?ms, ?B)
[2026-03-22T14:50:14.040Z] GET https://flexible-kansas-commodities-stood.trycloudflare.com/onboarding → 200 (176ms, 1093B)
[2026-03-22T14:50:14.263Z] GET https://flexible-kansas-commodities-stood.trycloudflare.com/@vite/client → 200 (134ms, 179648B)
[2026-03-22T14:50:14.263Z] GET https://flexible-kansas-commodities-stood.trycloudflare.com/src/main.tsx?t=1774190487424 → 200 (110ms, 3834B)
[2026-03-22T14:50:14.276Z] GET https://flexible-kansas-commodities-stood.trycloudflare.com/@react-refresh → 200 (134ms, 111894B)
[2026-03-22T14:50:14.373Z] GET https://flexible-kansas-commodities-stood.trycloudflare.com/node_modules/.vite/deps/react_jsx-dev-runtime.js?v=698840a3 → 200 (27ms, 12527B)
[2026-03-22T14:50:14.373Z] GET https://flexible-kansas-commodities-stood.trycloudflare.com/node_modules/.vite/deps/react.js?v=698840a3 → 200 (27ms, 1024B)
[2026-03-22T14:50:14.373Z] GET https://flexible-kansas-commodities-stood.trycloudflare.com/node_modules/.vite/deps/react-dom_client.js?v=698840a3 → 200 (39ms, 1005667B)
[2026-03-22T14:50:14.373Z] GET https://flexible-kansas-commodities-stood.trycloudflare.com/node_modules/.vite/deps/@tanstack_react-query.js?v=698840a3 → 200 (36ms, 114896B)
[2026-03-22T14:50:14.373Z] GET https://flexible-kansas-commodities-stood.trycloudflare.com/@fs/home/kaike/.openclaw/workspace/event-radar/node_modules/.pnpm/@fontsource+inter@5.2.8/node_modules/@fontsource/inter/index.css → 200 (189ms, 5062B)
[2026-03-22T14:50:14.373Z] GET https://flexible-kansas-commodities-stood.trycloudflare.com/src/App.tsx?t=1774190487424 → 200 (139ms, 33308B)
[2026-03-22T14:50:14.373Z] GET https://flexible-kansas-commodities-stood.trycloudflare.com/src/lib/pwa.ts → 200 (139ms, 4172B)
[2026-03-22T14:50:14.373Z] GET https://flexible-kansas-commodities-stood.trycloudflare.com/src/index.css?t=1774190487424 → 200 (184ms, 106709B)
[2026-03-22T14:50:14.398Z] GET https://flexible-kansas-commodities-stood.trycloudflare.com/@fs/home/kaike/.openclaw/workspace/event-radar/node_modules/.pnpm/vite@7.3.1_@types+node@22.19.15_jiti@2.6.1_lightningcss@1.31.1_tsx@4.21.0/node_modules/vite/dist/client/env.mjs → 200 (163ms, 3478B)
[2026-03-22T14:50:14.400Z] GET https://flexible-kansas-commodities-stood.trycloudflare.com/node_modules/.vite/deps/chunk-LQJ5AVEX.js?v=698840a3 → 200 (10ms, 45716B)
[2026-03-22T14:50:14.400Z] GET https://flexible-kansas-commodities-stood.trycloudflare.com/node_modules/.vite/deps/chunk-G3PMV62Z.js?v=698840a3 → 200 (12ms, 7968B)
[2026-03-22T14:50:14.411Z] GET https://flexible-kansas-commodities-stood.trycloudflare.com/node_modules/.vite/deps/chunk-EBZS5F5X.js?v=698840a3 → 200 (3ms, 12883B)
[2026-03-22T14:50:14.414Z] GET https://flexible-kansas-commodities-stood.trycloudflare.com/node_modules/.vite/deps/chunk-CXS66GOW.js?v=698840a3 → 200 (?ms, 16434B)
[2026-03-22T14:50:14.512Z] GET https://flexible-kansas-commodities-stood.trycloudflare.com/node_modules/.vite/deps/lucide-react.js?v=698840a3 → 200 (103ms, 1084178B)
[2026-03-22T14:50:14.512Z] GET https://flexible-kansas-commodities-stood.trycloudflare.com/node_modules/.vite/deps/react-router-dom.js?v=698840a3 → 200 (50ms, 455619B)
[2026-03-22T14:50:14.512Z] GET https://flexible-kansas-commodities-stood.trycloudflare.com/src/lib/utils.ts → 200 (171ms, 734B)
[2026-03-22T14:50:14.512Z] GET https://flexible-kansas-commodities-stood.trycloudflare.com/src/components/BottomNav.tsx → 200 (203ms, 10123B)
[2026-03-22T14:50:14.512Z] GET https://flexible-kansas-commodities-stood.trycloudflare.com/src/components/KeyboardShortcutsHelp.tsx → 200 (170ms, 11970B)
[2026-03-22T14:50:14.512Z] GET https://flexible-kansas-commodities-stood.trycloudflare.com/src/components/TickerSearch.tsx → 200 (184ms, 75911B)
[2026-03-22T14:50:14.512Z] GET https://flexible-kansas-commodities-stood.trycloudflare.com/src/hooks/useKeyboardShortcuts.ts → 200 (198ms, 2281B)
[2026-03-22T14:50:14.513Z] GET https://flexible-kansas-commodities-stood.trycloudflare.com/src/hooks/useAudioSquawk.ts → 200 (202ms, 15913B)
[2026-03-22T14:50:14.513Z] GET https://flexible-kansas-commodities-stood.trycloudflare.com/src/contexts/AuthContext.tsx → 200 (173ms, 9910B)
[2026-03-22T14:50:14.513Z] GET https://flexible-kansas-commodities-stood.trycloudflare.com/src/contexts/ConnectionContext.tsx → 200 (224ms, 7699B)
[2026-03-22T14:50:14.513Z] GET https://flexible-kansas-commodities-stood.trycloudflare.com/src/pages/AuthVerify.tsx → 200 (139ms, 14256B)
[2026-03-22T14:50:14.513Z] GET https://flexible-kansas-commodities-stood.trycloudflare.com/src/pages/EventDetail.tsx → 200 (154ms, 495B)
[2026-03-22T14:50:14.513Z] GET https://flexible-kansas-commodities-stood.trycloudflare.com/src/pages/Feed.tsx → 200 (155ms, 429B)
[2026-03-22T14:50:14.513Z] GET https://flexible-kansas-commodities-stood.trycloudflare.com/src/pages/Login.tsx → 200 (140ms, 19833B)
[2026-03-22T14:50:14.513Z] GET https://flexible-kansas-commodities-stood.trycloudflare.com/src/pages/Scorecard.tsx → 200 (175ms, 127160B)
[2026-03-22T14:50:14.513Z] GET https://flexible-kansas-commodities-stood.trycloudflare.com/src/pages/Search.tsx → 200 (169ms, 27710B)
[2026-03-22T14:50:14.513Z] GET https://flexible-kansas-commodities-stood.trycloudflare.com/src/pages/Settings.tsx → 200 (178ms, 208203B)
[2026-03-22T14:50:14.513Z] GET https://flexible-kansas-commodities-stood.trycloudflare.com/src/pages/TickerProfile.tsx → 200 (155ms, 22980B)
[2026-03-22T14:50:14.513Z] GET https://flexible-kansas-commodities-stood.trycloudflare.com/src/pages/Onboarding.tsx → 200 (175ms, 101557B)
[2026-03-22T14:50:14.516Z] GET https://flexible-kansas-commodities-stood.trycloudflare.com/src/pages/History.tsx?t=1774190487424 → 200 (137ms, 70765B)
[2026-03-22T14:50:14.517Z] GET https://flexible-kansas-commodities-stood.trycloudflare.com/src/pages/Watchlist.tsx → 200 (151ms, 201327B)
[2026-03-22T14:50:14.652Z] GET https://flexible-kansas-commodities-stood.trycloudflare.com/src/lib/api.ts → 200 (184ms, 118014B)
[2026-03-22T14:50:14.653Z] GET https://flexible-kansas-commodities-stood.trycloudflare.com/src/components/AlertCard.tsx → 200 (183ms, 82791B)
[2026-03-22T14:50:14.653Z] GET https://flexible-kansas-commodities-stood.trycloudflare.com/src/components/EmptyState.tsx → 200 (183ms, 8685B)
[2026-03-22T14:50:14.653Z] GET https://flexible-kansas-commodities-stood.trycloudflare.com/src/hooks/useHistory.ts?t=1774190443025 → 200 (183ms, 13178B)
[2026-03-22T14:50:14.653Z] GET https://flexible-kansas-commodities-stood.trycloudflare.com/src/lib/format.ts → 200 (183ms, 3833B)
[2026-03-22T14:50:14.668Z] GET https://flexible-kansas-commodities-stood.trycloudflare.com/src/pages/EventDetail/index.tsx → 200 (169ms, 48556B)
[2026-03-22T14:50:14.668Z] GET https://flexible-kansas-commodities-stood.trycloudflare.com/node_modules/.vite/deps/@dnd-kit_core.js?v=698840a3 → 200 (9ms, 6660B)
[2026-03-22T14:50:14.668Z] GET https://flexible-kansas-commodities-stood.trycloudflare.com/node_modules/.vite/deps/@dnd-kit_sortable.js?v=698840a3 → 200 (13ms, 20281B)
[2026-03-22T14:50:14.668Z] GET https://flexible-kansas-commodities-stood.trycloudflare.com/node_modules/.vite/deps/@dnd-kit_utilities.js?v=698840a3 → 200 (13ms, 4568B)
[2026-03-22T14:50:14.668Z] GET https://flexible-kansas-commodities-stood.trycloudflare.com/src/components/SkeletonCard.tsx → 200 (169ms, 5906B)
[2026-03-22T14:50:14.668Z] GET https://flexible-kansas-commodities-stood.trycloudflare.com/src/hooks/useWatchlist.ts → 200 (169ms, 8749B)
[2026-03-22T14:50:14.668Z] GET https://flexible-kansas-commodities-stood.trycloudflare.com/src/hooks/useWatchlistSections.ts → 200 (169ms, 6508B)
[2026-03-22T14:50:14.668Z] GET https://flexible-kansas-commodities-stood.trycloudflare.com/src/pages/Feed/index.tsx → 200 (169ms, 24887B)
[2026-03-22T14:50:14.668Z] GET https://flexible-kansas-commodities-stood.trycloudflare.com/src/components/EventChart.tsx → 200 (170ms, 39519B)
[2026-03-22T14:50:14.668Z] GET https://flexible-kansas-commodities-stood.trycloudflare.com/src/components/StatCard.tsx → 200 (169ms, 3857B)
[2026-03-22T14:50:14.668Z] GET https://flexible-kansas-commodities-stood.trycloudflare.com/src/hooks/useTickerProfile.ts → 200 (169ms, 1368B)
[2026-03-22T14:50:14.682Z] GET https://flexible-kansas-commodities-stood.trycloudflare.com/node_modules/.vite/deps/chunk-2FGUGH7M.js?v=698840a3 → 200 (13ms, 103806B)
[2026-03-22T14:50:14.682Z] GET https://flexible-kansas-commodities-stood.trycloudflare.com/node_modules/.vite/deps/chunk-TWD4OUUG.js?v=698840a3 → 200 (9ms, 8136B)
[2026-03-22T14:50:14.682Z] GET https://flexible-kansas-commodities-stood.trycloudflare.com/src/hooks/useSearch.ts → 200 (155ms, 6396B)
[2026-03-22T14:50:14.683Z] GET https://flexible-kansas-commodities-stood.trycloudflare.com/node_modules/.vite/deps/clsx.js?v=698840a3 → 200 (13ms, 1157B)
[2026-03-22T14:50:14.683Z] GET https://flexible-kansas-commodities-stood.trycloudflare.com/node_modules/.vite/deps/tailwind-merge.js?v=698840a3 → 200 (13ms, 99415B)
[2026-03-22T14:50:14.691Z] GET https://flexible-kansas-commodities-stood.trycloudflare.com/node_modules/.vite/deps/recharts.js?v=698840a3 → 200 (47ms, 1297653B)
[2026-03-22T14:50:14.709Z] GET https://flexible-kansas-commodities-stood.trycloudflare.com/src/components/CollapsiblePanel.tsx → 200 (129ms, 12143B)
[2026-03-22T14:50:14.710Z] GET https://flexible-kansas-commodities-stood.trycloudflare.com/src/hooks/useAlertSound.ts → 200 (127ms, 18179B)
[2026-03-22T14:50:14.710Z] GET https://flexible-kansas-commodities-stood.trycloudflare.com/src/lib/web-push.ts → 200 (128ms, 38614B)
[2026-03-22T14:50:14.710Z] GET https://flexible-kansas-commodities-stood.trycloudflare.com/src/hooks/useTickerSearch.ts → 200 (154ms, 7440B)
[2026-03-22T14:50:14.710Z] GET https://flexible-kansas-commodities-stood.trycloudflare.com/node_modules/.vite/deps/chunk-SIU35MPB.js?v=698840a3 → 200 (27ms, 662B)
[2026-03-22T14:50:14.837Z] GET https://flexible-kansas-commodities-stood.trycloudflare.com/src/components/DirectionBadge.tsx → 200 (122ms, 9751B)
[2026-03-22T14:50:14.837Z] GET https://flexible-kansas-commodities-stood.trycloudflare.com/src/hooks/useEventDetail.ts → 200 (128ms, 2518B)
[2026-03-22T14:50:14.837Z] GET https://flexible-kansas-commodities-stood.trycloudflare.com/src/pages/EventDetail/EventEnrichment.tsx → 200 (123ms, 28994B)
[2026-03-22T14:50:14.838Z] GET https://flexible-kansas-commodities-stood.trycloudflare.com/src/pages/EventDetail/EventHeader.tsx → 200 (140ms, 12976B)
[2026-03-22T14:50:14.838Z] GET https://flexible-kansas-commodities-stood.trycloudflare.com/src/pages/EventDetail/EventHistory.tsx → 200 (140ms, 28170B)
[2026-03-22T14:50:14.838Z] GET https://flexible-kansas-commodities-stood.trycloudflare.com/src/pages/EventDetail/EventMarketData.tsx → 200 (129ms, 12018B)
[2026-03-22T14:50:14.838Z] GET https://flexible-kansas-commodities-stood.trycloudflare.com/src/pages/EventDetail/EventVerdict.tsx → 200 (131ms, 65885B)
[2026-03-22T14:50:14.838Z] GET https://flexible-kansas-commodities-stood.trycloudflare.com/src/pages/EventDetail/SimilarPastEvents.tsx → 200 (130ms, 9072B)
[2026-03-22T14:50:14.838Z] GET https://flexible-kansas-commodities-stood.trycloudflare.com/src/pages/EventDetail/WhatHappenedNext.tsx → 200 (131ms, 22972B)
[2026-03-22T14:50:14.838Z] GET https://flexible-kansas-commodities-stood.trycloudflare.com/src/pages/EventDetail/utils.ts → 200 (121ms, 7491B)
[2026-03-22T14:50:14.838Z] GET https://flexible-kansas-commodities-stood.trycloudflare.com/src/components/Toast.tsx → 200 (120ms, 5938B)
[2026-03-22T14:50:14.838Z] GET https://flexible-kansas-commodities-stood.trycloudflare.com/src/hooks/useMediaQuery.ts → 200 (118ms, 2569B)
[2026-03-22T14:50:14.838Z] GET https://flexible-kansas-commodities-stood.trycloudflare.com/src/pages/Feed/FeedList.tsx → 200 (141ms, 53737B)
[2026-03-22T14:50:14.838Z] GET https://flexible-kansas-commodities-stood.trycloudflare.com/src/pages/Feed/useFeedState.ts → 200 (141ms, 62040B)
[2026-03-22T14:50:14.839Z] GET https://flexible-kansas-commodities-stood.trycloudflare.com/node_modules/.vite/deps/lightweight-charts.js?v=698840a3 → 200 (25ms, 609409B)
[2026-03-22T14:50:14.962Z] GET https://flexible-kansas-commodities-stood.trycloudflare.com/src/pages/EventDetail/EventSourceCard.tsx → pending (?ms, ?B)
[2026-03-22T14:50:14.962Z] GET https://flexible-kansas-commodities-stood.trycloudflare.com/src/pages/EventDetail/shared.tsx → pending (?ms, ?B)
[2026-03-22T14:50:14.968Z] GET https://flexible-kansas-commodities-stood.trycloudflare.com/src/components/RangeBar.tsx → pending (?ms, ?B)
[2026-03-22T14:50:14.968Z] GET https://flexible-kansas-commodities-stood.trycloudflare.com/src/components/StatMini.tsx → pending (?ms, ?B)
[2026-03-22T14:50:14.968Z] GET https://flexible-kansas-commodities-stood.trycloudflare.com/src/pages/EventDetail/EventChart.tsx → pending (?ms, ?B)
[2026-03-22T14:50:14.979Z] GET https://flexible-kansas-commodities-stood.trycloudflare.com/src/components/SeverityBadge.tsx → pending (?ms, ?B)
[2026-03-22T14:50:14.979Z] GET https://flexible-kansas-commodities-stood.trycloudflare.com/src/components/TickerChip.tsx → pending (?ms, ?B)
[2026-03-22T14:50:14.979Z] GET https://flexible-kansas-commodities-stood.trycloudflare.com/src/components/PillBanner.tsx → pending (?ms, ?B)
[2026-03-22T14:50:14.979Z] GET https://flexible-kansas-commodities-stood.trycloudflare.com/src/components/DailyBriefing.tsx → pending (?ms, ?B)
[2026-03-22T14:50:14.979Z] GET https://flexible-kansas-commodities-stood.trycloudflare.com/src/pages/Feed/FeedCard.tsx → pending (?ms, ?B)
[2026-03-22T14:50:14.979Z] GET https://flexible-kansas-commodities-stood.trycloudflare.com/src/pages/Feed/FeedFilters.tsx → pending (?ms, ?B)
[2026-03-22T14:50:14.979Z] GET https://flexible-kansas-commodities-stood.trycloudflare.com/src/pages/Feed/FeedHeader.tsx → pending (?ms, ?B)
[2026-03-22T14:50:14.979Z] GET https://flexible-kansas-commodities-stood.trycloudflare.com/src/hooks/useAlerts.ts → pending (?ms, ?B)
[2026-03-22T14:50:15.113Z] GET https://flexible-kansas-commodities-stood.trycloudflare.com/src/pages/Feed/FeedTabs.tsx → 200 (138ms, 11889B)
[2026-03-22T14:50:15.113Z] GET https://flexible-kansas-commodities-stood.trycloudflare.com/src/components/SwipeableCard.tsx → 200 (124ms, 24269B)
[2026-03-22T14:50:15.185Z] GET https://flexible-kansas-commodities-stood.trycloudflare.com/src/hooks/useWebSocket.ts → 200 (139ms, 12529B)
[2026-03-22T14:50:15.435Z] GET https://flexible-kansas-commodities-stood.trycloudflare.com/@fs/home/kaike/.openclaw/workspace/event-radar/node_modules/.pnpm/@fontsource+inter@5.2.8/node_modules/@fontsource/inter/files/inter-latin-400-normal.woff2 → 200 (116ms, 23664B)
[2026-03-22T14:50:15.446Z] GET https://flexible-kansas-commodities-stood.trycloudflare.com/api/auth/me → 200 (149ms, 48B)
[2026-03-22T14:50:15.446Z] GET https://flexible-kansas-commodities-stood.trycloudflare.com/api/auth/me → 200 (134ms, 48B)
[2026-03-22T14:50:31.210Z] GET https://flexible-kansas-commodities-stood.trycloudflare.com/api/v1/onboarding/suggested-tickers → 200 (143ms, 866B)
[2026-03-22T14:55:58.936Z] GET blob:https://flexible-kansas-commodities-stood.trycloudflare.com/20e539da-4d10-493e-84cd-2a245522ec6e → pending (?ms, ?B)
